Library/Bee/Android/Prj/IL2CPP/Gradle/unityLibrary/build/intermediates/manifest_merge_blame_file/release/manifest-merger-blame-release-report.txt
1<?xml version="1.0" encoding="utf-8"?>
2<manifest xmlns:android="http://schemas.android.com/apk/res/android"
3    xmlns:tools="http://schemas.android.com/tools"
4    package="com.unity3d.player"
5    android:installLocation="auto"
6    android:versionCode="1"
7    android:versionName="1" >
8
9    <uses-sdk
10        android:minSdkVersion="23"
10-->src\main\AndroidManifest.xml
11        android:targetSdkVersion="30" />
11-->src\main\AndroidManifest.xml
12
13    <uses-feature android:glEsVersion="0x00030000" />
13-->src\main\AndroidManifest.xml:25:3-52
13-->src\main\AndroidManifest.xml:25:17-49
14
15    <supports-gl-texture android:name="GL_KHR_texture_compression_astc_ldr" />
15-->src\main\AndroidManifest.xml:26:3-77
15-->src\main\AndroidManifest.xml:26:24-74
16
17    <uses-permission android:name="android.permission.INTERNET" />
17-->src\main\AndroidManifest.xml:27:3-65
17-->src\main\AndroidManifest.xml:27:20-62
18    <uses-permission android:name="android.permission.RECORD_AUDIO" />
18-->src\main\AndroidManifest.xml:28:3-69
18-->src\main\AndroidManifest.xml:28:20-66
19    <uses-permission android:name="android.permission.MODIFY_AUDIO_SETTINGS" />
19-->src\main\AndroidManifest.xml:29:3-78
19-->src\main\AndroidManifest.xml:29:20-75
20
21    <uses-feature
21-->src\main\AndroidManifest.xml:30:3-87
22        android:name="android.hardware.microphone"
22-->src\main\AndroidManifest.xml:30:17-59
23        android:required="false" />
23-->src\main\AndroidManifest.xml:30:60-84
24    <uses-feature
24-->src\main\AndroidManifest.xml:31:3-88
25        android:name="android.hardware.touchscreen"
25-->src\main\AndroidManifest.xml:31:17-60
26        android:required="false" />
26-->src\main\AndroidManifest.xml:31:61-85
27    <uses-feature
27-->src\main\AndroidManifest.xml:32:3-99
28        android:name="android.hardware.touchscreen.multitouch"
28-->src\main\AndroidManifest.xml:32:17-71
29        android:required="false" />
29-->src\main\AndroidManifest.xml:32:72-96
30    <uses-feature
30-->src\main\AndroidManifest.xml:33:3-108
31        android:name="android.hardware.touchscreen.multitouch.distinct"
31-->src\main\AndroidManifest.xml:33:17-80
32        android:required="false" />
32-->src\main\AndroidManifest.xml:33:81-105
33    <uses-feature
33-->src\main\AndroidManifest.xml:34:3-111
34        android:name="android.hardware.vr.headtracking"
34-->src\main\AndroidManifest.xml:34:17-64
35        android:required="true"
35-->src\main\AndroidManifest.xml:34:85-108
36        android:version="1" />
36-->src\main\AndroidManifest.xml:34:65-84
37
38    <application
38-->src\main\AndroidManifest.xml:3:3-24:17
39        android:allowBackup="false"
39-->src\main\AndroidManifest.xml:3:114-141
40        android:extractNativeLibs="true"
40-->src\main\AndroidManifest.xml:3:16-48
41        android:icon="@mipmap/app_icon"
41-->src\main\AndroidManifest.xml:3:82-113
42        android:label="@string/app_name"
42-->src\main\AndroidManifest.xml:3:49-81
43        android:networkSecurityConfig="@xml/network_sec_config" >
43-->src\main\AndroidManifest.xml:3:142-197
44        <activity
44-->src\main\AndroidManifest.xml:4:5-13:16
45            android:name="com.unity3d.player.UnityPlayerActivity"
45-->src\main\AndroidManifest.xml:4:15-68
46            android:configChanges="keyboard|keyboardHidden|navigation|orientation|screenLayout|screenSize|uiMode"
46-->src\main\AndroidManifest.xml:4:204-305
47            android:hardwareAccelerated="false"
47-->src\main\AndroidManifest.xml:4:341-376
48            android:launchMode="singleTask"
48-->src\main\AndroidManifest.xml:4:172-203
49            android:resizeableActivity="false"
49-->src\main\AndroidManifest.xml:4:306-340
50            android:screenOrientation="landscape"
50-->src\main\AndroidManifest.xml:4:134-171
51            android:theme="@android:style/Theme.Black.NoTitleBar.Fullscreen" >
51-->src\main\AndroidManifest.xml:4:69-133
52            <intent-filter>
52-->src\main\AndroidManifest.xml:5:7-9:23
53                <action android:name="android.intent.action.MAIN" />
53-->src\main\AndroidManifest.xml:6:9-61
53-->src\main\AndroidManifest.xml:6:17-58
54
55                <category android:name="android.intent.category.LAUNCHER" />
55-->src\main\AndroidManifest.xml:7:9-69
55-->src\main\AndroidManifest.xml:7:19-66
56                <category android:name="com.oculus.intent.category.VR" />
56-->src\main\AndroidManifest.xml:8:9-66
56-->src\main\AndroidManifest.xml:8:19-63
57            </intent-filter>
58
59            <meta-data
59-->src\main\AndroidManifest.xml:10:7-82
60                android:name="unityplayer.UnityActivity"
60-->src\main\AndroidManifest.xml:10:18-58
61                android:value="true" />
61-->src\main\AndroidManifest.xml:10:59-79
62            <meta-data
62-->src\main\AndroidManifest.xml:11:7-78
63                android:name="android.notch_support"
63-->src\main\AndroidManifest.xml:11:18-54
64                android:value="true" />
64-->src\main\AndroidManifest.xml:11:55-75
65            <meta-data
65-->src\main\AndroidManifest.xml:12:7-81
66                android:name="com.oculus.vr.focusaware"
66-->src\main\AndroidManifest.xml:12:18-57
67                android:value="true" />
67-->src\main\AndroidManifest.xml:12:58-78
68        </activity>
69
70        <meta-data
70-->src\main\AndroidManifest.xml:14:5-69
71            android:name="unity.splash-mode"
71-->src\main\AndroidManifest.xml:14:16-48
72            android:value="0" />
72-->src\main\AndroidManifest.xml:14:49-66
73        <meta-data
73-->src\main\AndroidManifest.xml:15:5-74
74            android:name="unity.splash-enable"
74-->src\main\AndroidManifest.xml:15:16-50
75            android:value="True" />
75-->src\main\AndroidManifest.xml:15:51-71
76        <meta-data
76-->src\main\AndroidManifest.xml:16:5-78
77            android:name="unity.launch-fullscreen"
77-->src\main\AndroidManifest.xml:16:16-54
78            android:value="True" />
78-->src\main\AndroidManifest.xml:16:55-75
79        <meta-data
79-->src\main\AndroidManifest.xml:17:5-84
80            android:name="unity.allow-resizable-window"
80-->src\main\AndroidManifest.xml:17:16-59
81            android:value="False" />
81-->src\main\AndroidManifest.xml:17:60-81
82        <meta-data
82-->src\main\AndroidManifest.xml:18:5-81
83            android:name="notch.config"
83-->src\main\AndroidManifest.xml:18:16-43
84            android:value="portrait|landscape" />
84-->src\main\AndroidManifest.xml:18:44-78
85        <meta-data
85-->src\main\AndroidManifest.xml:19:5-97
86            android:name="com.samsung.android.vr.application.mode"
86-->src\main\AndroidManifest.xml:19:16-70
87            android:value="vr_only" />
87-->src\main\AndroidManifest.xml:19:71-94
88        <meta-data
88-->src\main\AndroidManifest.xml:20:5-90
89            android:name="com.unity.xr.oculus.LowOverheadMode"
89-->src\main\AndroidManifest.xml:20:16-66
90            android:value="true" />
90-->src\main\AndroidManifest.xml:20:67-87
91        <meta-data
91-->src\main\AndroidManifest.xml:21:5-88
92            android:name="com.unity.xr.oculus.LateLatching"
92-->src\main\AndroidManifest.xml:21:16-63
93            android:value="false" />
93-->src\main\AndroidManifest.xml:21:64-85
94        <meta-data
94-->src\main\AndroidManifest.xml:22:5-93
95            android:name="com.unity.xr.oculus.LateLatchingDebug"
95-->src\main\AndroidManifest.xml:22:16-68
96            android:value="false" />
96-->src\main\AndroidManifest.xml:22:69-90
97        <meta-data
97-->src\main\AndroidManifest.xml:23:5-90
98            android:name="com.oculus.supportedDevices"
98-->src\main\AndroidManifest.xml:23:16-58
99            android:value="quest|quest2" />
99-->src\main\AndroidManifest.xml:23:59-87
100    </application>
101
102</manifest>